c:\users\kbc16b03\desktop\game\gametemplate\gametemplate\game\debug\game.pch
c:\users\kbc16b03\desktop\game\gametemplate\gametemplate\game\debug\vc140.pdb
c:\users\kbc16b03\desktop\game\gametemplate\gametemplate\game\debug\stdafx.obj
c:\users\kbc16b03\desktop\game\gametemplate\gametemplate\game\debug\csoundengine.obj
c:\users\kbc16b03\desktop\game\gametemplate\gametemplate\game\debug\wavefilebank.obj
c:\users\kbc16b03\desktop\game\gametemplate\gametemplate\game\debug\wavfile.obj
c:\users\kbc16b03\desktop\game\gametemplate\gametemplate\game\debug\system.obj
c:\users\kbc16b03\desktop\game\gametemplate\gametemplate\game\debug\player.obj
c:\users\kbc16b03\desktop\game\gametemplate\gametemplate\game\debug\primitive.obj
c:\users\kbc16b03\desktop\game\gametemplate\gametemplate\game\debug\radarmap.obj
c:\users\kbc16b03\desktop\game\gametemplate\gametemplate\game\debug\particleemitter.obj
c:\users\kbc16b03\desktop\game\gametemplate\gametemplate\game\debug\particle.obj
c:\users\kbc16b03\desktop\game\gametemplate\gametemplate\game\debug\gamescene.obj
c:\users\kbc16b03\desktop\game\gametemplate\gametemplate\game\debug\result.obj
c:\users\kbc16b03\desktop\game\gametemplate\gametemplate\game\debug\sea.obj
c:\users\kbc16b03\desktop\game\gametemplate\gametemplate\game\debug\shadowmap.obj
c:\users\kbc16b03\desktop\game\gametemplate\gametemplate\game\debug\skydoom.obj
c:\users\kbc16b03\desktop\game\gametemplate\gametemplate\game\debug\spherecollider.obj
c:\users\kbc16b03\desktop\game\gametemplate\gametemplate\game\debug\springcamera.obj
c:\users\kbc16b03\desktop\game\gametemplate\gametemplate\game\debug\sprite.obj
c:\users\kbc16b03\desktop\game\gametemplate\gametemplate\game\debug\title.obj
c:\users\kbc16b03\desktop\game\gametemplate\gametemplate\game\debug\vertexbuffer.obj
c:\users\kbc16b03\desktop\game\gametemplate\gametemplate\game\debug\fade.obj
c:\users\kbc16b03\desktop\game\gametemplate\gametemplate\game\debug\game.obj
c:\users\kbc16b03\desktop\game\gametemplate\gametemplate\game\debug\gamecamera.obj
c:\users\kbc16b03\desktop\game\gametemplate\gametemplate\game\debug\gameobjectmanager.obj
c:\users\kbc16b03\desktop\game\gametemplate\gametemplate\game\debug\igameobject.obj
c:\users\kbc16b03\desktop\game\gametemplate\gametemplate\game\debug\main.obj
c:\users\kbc16b03\desktop\game\gametemplate\gametemplate\game\debug\map.obj
c:\users\kbc16b03\desktop\game\gametemplate\gametemplate\game\debug\mapchip.obj
c:\users\kbc16b03\desktop\game\gametemplate\gametemplate\game\debug\missile.obj
c:\users\kbc16b03\desktop\game\gametemplate\gametemplate\game\debug\animation.obj
c:\users\kbc16b03\desktop\game\gametemplate\gametemplate\game\debug\camera.obj
c:\users\kbc16b03\desktop\game\gametemplate\gametemplate\game\debug\effectmanager.obj
c:\users\kbc16b03\desktop\game\gametemplate\gametemplate\game\debug\skinmodel.obj
c:\users\kbc16b03\desktop\game\gametemplate\gametemplate\game\debug\skinmodeldata.obj
c:\users\kbc16b03\desktop\game\gametemplate\gametemplate\game\debug\pad.obj
c:\users\kbc16b03\desktop\game\gametemplate\gametemplate\game\debug\capsulecollider.obj
c:\users\kbc16b03\desktop\game\gametemplate\gametemplate\game\debug\charactercontroller.obj
c:\users\kbc16b03\desktop\game\gametemplate\gametemplate\game\debug\meshcollider.obj
c:\users\kbc16b03\desktop\game\gametemplate\gametemplate\game\debug\physics.obj
c:\users\kbc16b03\desktop\game\gametemplate\gametemplate\game\debug\rigidbody.obj
c:\users\kbc16b03\desktop\game\gametemplate\gametemplate\game\debug\groupenemy.obj
c:\users\kbc16b03\desktop\game\gametemplate\gametemplate\game\debug\bloom.obj
c:\users\kbc16b03\desktop\game\gametemplate\gametemplate\game\debug\hud.obj
c:\users\kbc16b03\desktop\game\gametemplate\gametemplate\game\debug\posteffect.obj
c:\users\kbc16b03\desktop\game\gametemplate\gametemplate\game\debug\indexbuffer.obj
c:\users\kbc16b03\desktop\game\gametemplate\gametemplate\game\debug\bullet.obj
c:\users\kbc16b03\desktop\game\gametemplate\gametemplate\game\debug\c2dimage.obj
c:\users\kbc16b03\desktop\game\gametemplate\gametemplate\game\debug\cameracollisionsolver.obj
c:\users\kbc16b03\desktop\game\gametemplate\gametemplate\game\debug\enemy.obj
c:\users\kbc16b03\desktop\game\gametemplate\gametemplate\game\debug\csoundsource.obj
c:\users\kbc16b03\desktop\game\gametemplate\gametemplate\game\debug\gui.obj
c:\users\kbc16b03\desktop\game\gametemplate\gametemplate\debug\game.ilk
c:\users\kbc16b03\desktop\game\gametemplate\gametemplate\debug\game.exe
c:\users\kbc16b03\desktop\game\gametemplate\gametemplate\debug\game.pdb
c:\users\kbc16b03\desktop\game\gametemplate\gametemplate\game\debug\game.res
c:\users\kbc16b03\desktop\game\gametemplate\gametemplate\game\debug\vc140.idb
c:\users\kbc16b03\desktop\game\gametemplate\gametemplate\game\debug\game.tlog\cl.command.1.tlog
c:\users\kbc16b03\desktop\game\gametemplate\gametemplate\game\debug\game.tlog\cl.read.1.tlog
c:\users\kbc16b03\desktop\game\gametemplate\gametemplate\game\debug\game.tlog\cl.write.1.tlog
c:\users\kbc16b03\desktop\game\gametemplate\gametemplate\game\debug\game.tlog\link.command.1.tlog
c:\users\kbc16b03\desktop\game\gametemplate\gametemplate\game\debug\game.tlog\link.read.1.tlog
c:\users\kbc16b03\desktop\game\gametemplate\gametemplate\game\debug\game.tlog\link.write.1.tlog
c:\users\kbc16b03\desktop\game\gametemplate\gametemplate\game\debug\game.tlog\rc.command.1.tlog
c:\users\kbc16b03\desktop\game\gametemplate\gametemplate\game\debug\game.tlog\rc.read.1.tlog
c:\users\kbc16b03\desktop\game\gametemplate\gametemplate\game\debug\game.tlog\rc.write.1.tlog
