  stdafx.cpp
c:\users\kbc16b03\desktop\game\battlecore\game\myengine\graphics\sprite\dxcommondata.h(26): warning C4091: 'typedef ': 変数が何も宣言されていないときは、'MESH' の左辺を無視します。
  System.cpp
  WaveFileBank.cpp
  WavFile.cpp
  CSoundSource.cpp
  CSoundEngine.cpp
  MyRandom.cpp
  SphereCollider.cpp
  RigidBody.cpp
  Physics.cpp
  MeshCollider.cpp
  CharacterController.cpp
  CapsuleCollider.cpp
  Pad.cpp
  VertexBuffer.cpp
  Sprite.cpp
  Primitive.cpp
  IndexBuffer.cpp
  C2DImage.cpp
c:\users\kbc16b03\desktop\game\battlecore\game\myengine\graphics\sprite\c2dimage.cpp(26): warning C4838: 'UINT' から 'LONG' への変換には縮小変換が必要です
  SkinModelData.cpp
c:\users\kbc16b03\desktop\game\battlecore\game\myengine\graphics\skinmodeldata.cpp(320): warning C4316: 'D3DXFRAME_DERIVED': ヒープで割り当てられたオブジェクトが 16 にアラインメントされていない可能性があります
  SkinModel.cpp
  コードを生成中...
  コンパイル中...
  ShadowMap.cpp
c:\users\kbc16b03\desktop\game\battlecore\game\myengine\graphics\shadowmap.cpp(22): warning C4305: '=': 'double' から 'float' へ切り詰めます。
  ZoomBlur.cpp
  PostEffect.cpp
  Monochrome.cpp
  Dof.cpp
c:\users\kbc16b03\desktop\game\battlecore\game\myengine\graphics\posteffect\dof.cpp(17): warning C4244: '引数': 'float' から 'int' への変換です。データが失われる可能性があります。
  Bloom.cpp
  ParticleEmitter.cpp
  Particle.cpp
  EffectManager.cpp
  Camera.cpp
c:\users\kbc16b03\desktop\game\battlecore\game\myengine\graphics\camera.cpp(13): warning C4305: '=': 'double' から 'float' へ切り詰めます。
  Animation.cpp
  IGameObject.cpp
  GameObjectManager.cpp
  SpringCamera.cpp
  CameraCollisionSolver.cpp
  main.cpp
  game.cpp
  TITLE.cpp
  SelectScene.cpp
  Result.cpp
  コードを生成中...
  コンパイル中...
  GameScene.cpp
  Sun.cpp
  Skydoom.cpp
  Sea.cpp
  MapChip.cpp
  Map.cpp
  Missile.cpp
  Bullet.cpp
  ScoreCheckre.cpp
  Hud.cpp
  GUI.cpp
  RadarMap.cpp
c:\users\kbc16b03\desktop\game\battlecore\game\gamecamera\radarmap.cpp(30): warning C4305: '=': 'double' から 'float' へ切り詰めます。
  GameCamera.cpp
  Fade.cpp
  Player.cpp
c:\users\kbc16b03\desktop\game\battlecore\game\character\player.cpp(575): warning C4244: '=': 'float' から 'int' への変換です。データが失われる可能性があります。
  GroupEnemy.cpp
  Enemy.cpp
c:\users\kbc16b03\desktop\game\battlecore\game\character\enemy.cpp(132): warning C4244: '=': 'unsigned long' から 'float' への変換です。データが失われる可能性があります。
c:\users\kbc16b03\desktop\game\battlecore\game\character\enemy.cpp(136): warning C4804: '>': 演算中の 'bool' 型の使用方法が安全ではありません
  コードを生成中...
c:\users\kbc16b03\desktop\game\battlecore\game\item\bullet.cpp(155): warning C4715: 'Bullet::Update': 値を返さないコントロール パスがあります。
  game.vcxproj -> C:\Users\kbc16b03\Desktop\Game\BattleCore\Debug\game.exe
  game.vcxproj -> C:\Users\kbc16b03\Desktop\Game\BattleCore\Debug\game.pdb (Full PDB)
