c:\users\kbc16b03\desktop\game\battlecore\game\release\vc140.pdb
c:\users\kbc16b03\desktop\game\battlecore\game\release\map.obj
c:\users\kbc16b03\desktop\game\battlecore\game\release\enemy.obj
c:\users\kbc16b03\desktop\game\battlecore\game\release\selectscene.obj
c:\users\kbc16b03\desktop\game\battlecore\game\release\player.obj
c:\users\kbc16b03\desktop\game\battlecore\game\release\gamescene.obj
c:\users\kbc16b03\desktop\game\battlecore\game\release\game.obj
c:\users\kbc16b03\desktop\game\battlecore\game\release\fade.obj
c:\users\kbc16b03\desktop\game\battlecore\game\release\radarmap.obj
c:\users\kbc16b03\desktop\game\battlecore\game\release\shadowmap.obj
c:\users\kbc16b03\desktop\game\battlecore\game\release\mapchip.obj
c:\users\kbc16b03\desktop\game\battlecore\game\release\groupenemy.obj
c:\users\kbc16b03\desktop\game\battlecore\game\release\title.obj
c:\users\kbc16b03\desktop\game\battlecore\game\release\result.obj
c:\users\kbc16b03\desktop\game\battlecore\game\release\sun.obj
c:\users\kbc16b03\desktop\game\battlecore\game\release\skydoom.obj
c:\users\kbc16b03\desktop\game\battlecore\game\release\sea.obj
c:\users\kbc16b03\desktop\game\battlecore\game\release\missile.obj
c:\users\kbc16b03\desktop\game\battlecore\game\release\bullet.obj
c:\users\kbc16b03\desktop\game\battlecore\game\release\scorecheckre.obj
c:\users\kbc16b03\desktop\game\battlecore\game\release\hud.obj
c:\users\kbc16b03\desktop\game\battlecore\game\release\gui.obj
c:\users\kbc16b03\desktop\game\battlecore\game\release\gamecamera.obj
c:\users\kbc16b03\desktop\game\battlecore\game\release\c2dimage.obj
c:\users\kbc16b03\desktop\game\battlecore\game\release\skinmodeldata.obj
c:\users\kbc16b03\desktop\game\battlecore\game\release\skinmodel.obj
c:\users\kbc16b03\desktop\game\battlecore\game\release\zoomblur.obj
c:\users\kbc16b03\desktop\game\battlecore\game\release\posteffect.obj
c:\users\kbc16b03\desktop\game\battlecore\game\release\monochrome.obj
c:\users\kbc16b03\desktop\game\battlecore\game\release\dof.obj
c:\users\kbc16b03\desktop\game\battlecore\game\release\bloom.obj
c:\users\kbc16b03\desktop\game\battlecore\game\release\particleemitter.obj
c:\users\kbc16b03\desktop\game\battlecore\game\release\particle.obj
c:\users\kbc16b03\desktop\game\battlecore\game\release\effectmanager.obj
c:\users\kbc16b03\desktop\game\battlecore\game\release\camera.obj
c:\users\kbc16b03\desktop\game\battlecore\game\release\animation.obj
c:\users\kbc16b03\desktop\game\battlecore\game\release\igameobject.obj
c:\users\kbc16b03\desktop\game\battlecore\game\release\gameobjectmanager.obj
c:\users\kbc16b03\desktop\game\battlecore\game\release\springcamera.obj
c:\users\kbc16b03\desktop\game\battlecore\game\release\cameracollisionsolver.obj
c:\users\kbc16b03\desktop\game\battlecore\game\release\main.obj
c:\users\kbc16b03\desktop\game\battlecore\game\release\system.obj
c:\users\kbc16b03\desktop\game\battlecore\game\release\wavefilebank.obj
c:\users\kbc16b03\desktop\game\battlecore\game\release\wavfile.obj
c:\users\kbc16b03\desktop\game\battlecore\game\release\csoundsource.obj
c:\users\kbc16b03\desktop\game\battlecore\game\release\csoundengine.obj
c:\users\kbc16b03\desktop\game\battlecore\game\release\myrandom.obj
c:\users\kbc16b03\desktop\game\battlecore\game\release\spherecollider.obj
c:\users\kbc16b03\desktop\game\battlecore\game\release\rigidbody.obj
c:\users\kbc16b03\desktop\game\battlecore\game\release\physics.obj
c:\users\kbc16b03\desktop\game\battlecore\game\release\meshcollider.obj
c:\users\kbc16b03\desktop\game\battlecore\game\release\charactercontroller.obj
c:\users\kbc16b03\desktop\game\battlecore\game\release\capsulecollider.obj
c:\users\kbc16b03\desktop\game\battlecore\game\release\pad.obj
c:\users\kbc16b03\desktop\game\battlecore\game\release\vertexbuffer.obj
c:\users\kbc16b03\desktop\game\battlecore\game\release\sprite.obj
c:\users\kbc16b03\desktop\game\battlecore\game\release\primitive.obj
c:\users\kbc16b03\desktop\game\battlecore\game\release\indexbuffer.obj
c:\users\kbc16b03\desktop\game\battlecore\game\release\csoftshadow.obj
c:\users\kbc16b03\desktop\game\battlecore\release\game.exe
c:\users\kbc16b03\desktop\game\battlecore\release\game.ipdb
c:\users\kbc16b03\desktop\game\battlecore\release\game.iobj
c:\users\kbc16b03\desktop\game\battlecore\release\game.pdb
c:\users\kbc16b03\desktop\game\battlecore\game\release\game.res
c:\users\kbc16b03\desktop\game\battlecore\game\release\game.tlog\cl.command.1.tlog
c:\users\kbc16b03\desktop\game\battlecore\game\release\game.tlog\cl.read.1.tlog
c:\users\kbc16b03\desktop\game\battlecore\game\release\game.tlog\cl.write.1.tlog
c:\users\kbc16b03\desktop\game\battlecore\game\release\game.tlog\link.command.1.tlog
c:\users\kbc16b03\desktop\game\battlecore\game\release\game.tlog\link.read.1.tlog
c:\users\kbc16b03\desktop\game\battlecore\game\release\game.tlog\link.write.1.tlog
c:\users\kbc16b03\desktop\game\battlecore\game\release\game.tlog\rc.command.1.tlog
c:\users\kbc16b03\desktop\game\battlecore\game\release\game.tlog\rc.read.1.tlog
c:\users\kbc16b03\desktop\game\battlecore\game\release\game.tlog\rc.write.1.tlog
